<?xml version="1.0" encoding="UTF-8"?>
<!-- Generated by org.testng.reporters.JUnitReportReporter -->
<testsuite hostname="VishwanathYadav" failures="0" tests="1" name="zSampleTest_2.Test" time="0.013" errors="0" timestamp="2024-04-04T22:13:14 IST" skipped="0">
  <testcase classname="zSampleTest_2.Test" name="m1" time="0.013"/>
</testsuite> <!-- zSampleTest_2.Test -->
